<?xml version="1.0" encoding="UTF-8"?>
<testng-results skipped="0" failed="0" ignored="0" total="1" passed="1">
  <reporter-output>
  </reporter-output>
  <suite name="Default suite" duration-ms="27506" started-at="2019-05-28T04:48:47Z" finished-at="2019-05-28T04:49:14Z">
    <groups>
    </groups>
    <test name="Default test" duration-ms="27506" started-at="2019-05-28T04:48:47Z" finished-at="2019-05-28T04:49:14Z">
      <class name="Example.NewTest">
        <test-method status="PASS" signature="beforeTest()[pri:0, instance:Example.NewTest@5700d6b1]" name="beforeTest" is-config="true" duration-ms="12843" started-at="2019-05-28T04:48:47Z" finished-at="2019-05-28T04:49:00Z">
          <reporter-output>
          </reporter-output>
        </test-method> <!-- beforeTest -->
        <test-method status="PASS" signature="testEasy()[pri:0, instance:Example.NewTest@5700d6b1]" name="testEasy" duration-ms="13642" started-at="2019-05-28T04:49:00Z" finished-at="2019-05-28T04:49:13Z">
          <reporter-output>
          </reporter-output>
        </test-method> <!-- testEasy -->
        <test-method status="PASS" signature="afterTest()[pri:0, instance:Example.NewTest@5700d6b1]" name="afterTest" is-config="true" duration-ms="961" started-at="2019-05-28T04:49:13Z" finished-at="2019-05-28T04:49:14Z">
          <reporter-output>
          </reporter-output>
        </test-method> <!-- afterTest -->
      </class> <!-- Example.NewTest -->
    </test> <!-- Default test -->
  </suite> <!-- Default suite -->
</testng-results>
